# JRE version: Java(TM) SE Runtime Environment (8.0_40-b26) (build 1.8.0_40-b26)
# Java VM: Java HotSpot(TM) 64-Bit Server VM (25.40-b25 mixed mode linux-amd64 compressed oops)
Heap:
 PSYoungGen      total 218112K, used 46927K [0x00000000eab00000, 0x00000000fc400000, 0x0000000100000000)
  eden space 159744K, 0% used [0x00000000eab00000,0x00000000eab00000,0x00000000f4700000)
  from space 58368K, 80% used [0x00000000f4700000,0x00000000f74d3e78,0x00000000f8000000)
  to   space 50688K, 0% used [0x00000000f8000000,0x00000000f8000000,0x00000000fb180000)
 ParOldGen       total 110080K, used 71273K [0x00000000c0000000, 0x00000000c6b80000, 0x00000000eab00000)
  object space 110080K, 64% used [0x00000000c0000000,0x00000000c459a5d8,0x00000000c6b80000)
 Metaspace       used 5778K, capacity 7024K, committed 7296K, reserved 1056768K
  class space    used 547K, capacity 616K, committed 640K, reserved 1048576K
GC Heap History (10 events):
Event: 8.185 GC heap after
Heap after GC invocations=9 (full 2):
 PSYoungGen      total 76800K, used 0K [0x00000000eab00000, 0x00000000f5480000, 0x0000000100000000)
  eden space 59392K, 0% used [0x00000000eab00000,0x00000000eab00000,0x00000000ee500000)
  from space 17408K, 0% used [0x00000000ee500000,0x00000000ee500000,0x00000000ef600000)
  to   space 29696K, 0% used [0x00000000f3780000,0x00000000f3780000,0x00000000f5480000)
 ParOldGen       total 74240K, used 34946K [0x00000000c0000000, 0x00000000c4880000, 0x00000000eab00000)
  object space 74240K, 47% used [0x00000000c0000000,0x00000000c22208c0,0x00000000c4880000)
 Metaspace       used 5532K, capacity 6832K, committed 7040K, reserved 1056768K
  class space    used 543K, capacity 616K, committed 640K, reserved 1048576K
}
Event: 8.406 GC heap before
{Heap before GC invocations=10 (full 2):
 PSYoungGen      total 76800K, used 59392K [0x00000000eab00000, 0x00000000f5480000, 0x0000000100000000)
  eden space 59392K, 100% used [0x00000000eab00000,0x00000000ee500000,0x00000000ee500000)
  from space 17408K, 0% used [0x00000000ee500000,0x00000000ee500000,0x00000000ef600000)
  to   space 29696K, 0% used [0x00000000f3780000,0x00000000f3780000,0x00000000f5480000)
 ParOldGen       total 74240K, used 34946K [0x00000000c0000000, 0x00000000c4880000, 0x00000000eab00000)
  object space 74240K, 47% used [0x00000000c0000000,0x00000000c22208c0,0x00000000c4880000)
 Metaspace       used 5538K, capacity 6832K, committed 7040K, reserved 1056768K
  class space    used 544K, capacity 616K, committed 640K, reserved 1048576K
Event: 8.435 GC heap after
Heap after GC invocations=10 (full 2):
 PSYoungGen      total 137728K, used 20925K [0x00000000eab00000, 0x00000000f5300000, 0x0000000100000000)
  eden space 109568K, 0% used [0x00000000eab00000,0x00000000eab00000,0x00000000f1600000)
  from space 28160K, 74% used [0x00000000f3780000,0x00000000f4bef530,0x00000000f5300000)
  to   space 31232K, 0% used [0x00000000f1600000,0x00000000f1600000,0x00000000f3480000)
 ParOldGen       total 74240K, used 34946K [0x00000000c0000000, 0x00000000c4880000, 0x00000000eab00000)
  object space 74240K, 47% used [0x00000000c0000000,0x00000000c22208c0,0x00000000c4880000)
 Metaspace       used 5538K, capacity 6832K, committed 7040K, reserved 1056768K
  class space    used 544K, capacity 616K, committed 640K, reserved 1048576K
}
Event: 12.659 GC heap before
{Heap before GC invocations=11 (full 2):
 PSYoungGen      total 137728K, used 130493K [0x00000000eab00000, 0x00000000f5300000, 0x0000000100000000)
  eden space 109568K, 100% used [0x00000000eab00000,0x00000000f1600000,0x00000000f1600000)
  from space 28160K, 74% used [0x00000000f3780000,0x00000000f4bef530,0x00000000f5300000)
  to   space 31232K, 0% used [0x00000000f1600000,0x00000000f1600000,0x00000000f3480000)
 ParOldGen       total 74240K, used 34946K [0x00000000c0000000, 0x00000000c4880000, 0x00000000eab00000)
  object space 74240K, 47% used [0x00000000c0000000,0x00000000c22208c0,0x00000000c4880000)
 Metaspace       used 5616K, capacity 6896K, committed 7040K, reserved 1056768K
  class space    used 545K, capacity 616K, committed 640K, reserved 1048576K
Event: 16.303 GC heap after
Heap after GC invocations=11 (full 2):
 PSYoungGen      total 140800K, used 31220K [0x00000000eab00000, 0x00000000fb180000, 0x0000000100000000)
  eden space 109568K, 0% used [0x00000000eab00000,0x00000000eab00000,0x00000000f1600000)
  from space 31232K, 99% used [0x00000000f1600000,0x00000000f347d1a8,0x00000000f3480000)
  to   space 50688K, 0% used [0x00000000f8000000,0x00000000f8000000,0x00000000fb180000)
 ParOldGen       total 74240K, used 71689K [0x00000000c0000000, 0x00000000c4880000, 0x00000000eab00000)
  object space 74240K, 96% used [0x00000000c0000000,0x00000000c4602570,0x00000000c4880000)
 Metaspace       used 5616K, capacity 6896K, committed 7040K, reserved 1056768K
  class space    used 545K, capacity 616K, committed 640K, reserved 1048576K
}
Event: 16.303 GC heap before
{Heap before GC invocations=12 (full 3):
 PSYoungGen      total 140800K, used 31220K [0x00000000eab00000, 0x00000000fb180000, 0x0000000100000000)
  eden space 109568K, 0% used [0x00000000eab00000,0x00000000eab00000,0x00000000f1600000)
  from space 31232K, 99% used [0x00000000f1600000,0x00000000f347d1a8,0x00000000f3480000)
  to   space 50688K, 0% used [0x00000000f8000000,0x00000000f8000000,0x00000000fb180000)
 ParOldGen       total 74240K, used 71689K [0x00000000c0000000, 0x00000000c4880000, 0x00000000eab00000)
  object space 74240K, 96% used [0x00000000c0000000,0x00000000c4602570,0x00000000c4880000)
 Metaspace       used 5616K, capacity 6896K, committed 7040K, reserved 1056768K
  class space    used 545K, capacity 616K, committed 640K, reserved 1048576K
Event: 16.459 GC heap after
Heap after GC invocations=12 (full 3):
 PSYoungGen      total 140800K, used 0K [0x00000000eab00000, 0x00000000fb180000, 0x0000000100000000)
  eden space 109568K, 0% used [0x00000000eab00000,0x00000000eab00000,0x00000000f1600000)
  from space 31232K, 0% used [0x00000000f1600000,0x00000000f1600000,0x00000000f3480000)
  to   space 50688K, 0% used [0x00000000f8000000,0x00000000f8000000,0x00000000fb180000)
 ParOldGen       total 110080K, used 60043K [0x00000000c0000000, 0x00000000c6b80000, 0x00000000eab00000)
  object space 110080K, 54% used [0x00000000c0000000,0x00000000c3aa2ff8,0x00000000c6b80000)
 Metaspace       used 5616K, capacity 6896K, committed 7040K, reserved 1056768K
  class space    used 545K, capacity 616K, committed 640K, reserved 1048576K
}
Event: 17.214 GC heap before
{Heap before GC invocations=13 (full 3):
 PSYoungGen      total 140800K, used 109568K [0x00000000eab00000, 0x00000000fb180000, 0x0000000100000000)
  eden space 109568K, 100% used [0x00000000eab00000,0x00000000f1600000,0x00000000f1600000)
  from space 31232K, 0% used [0x00000000f1600000,0x00000000f1600000,0x00000000f3480000)
  to   space 50688K, 0% used [0x00000000f8000000,0x00000000f8000000,0x00000000fb180000)
 ParOldGen       total 110080K, used 60043K [0x00000000c0000000, 0x00000000c6b80000, 0x00000000eab00000)
  object space 110080K, 54% used [0x00000000c0000000,0x00000000c3aa2ff8,0x00000000c6b80000)
 Metaspace       used 5670K, capacity 6960K, committed 7040K, reserved 1056768K
  class space    used 545K, capacity 616K, committed 640K, reserved 1048576K
Event: 23.113 GC heap after
Heap after GC invocations=13 (full 3):
 PSYoungGen      total 210432K, used 49053K [0x00000000eab00000, 0x00000000fc400000, 0x0000000100000000)
  eden space 159744K, 0% used [0x00000000eab00000,0x00000000eab00000,0x00000000f4700000)
  from space 50688K, 96% used [0x00000000f8000000,0x00000000fafe7600,0x00000000fb180000)
  to   space 58368K, 0% used [0x00000000f4700000,0x00000000f4700000,0x00000000f8000000)
 ParOldGen       total 110080K, used 60051K [0x00000000c0000000, 0x00000000c6b80000, 0x00000000eab00000)
  object space 110080K, 54% used [0x00000000c0000000,0x00000000c3aa4ff8,0x00000000c6b80000)
 Metaspace       used 5670K, capacity 6960K, committed 7040K, reserved 1056768K
  class space    used 545K, capacity 616K, committed 640K, reserved 1048576K
}
Event: 26.501 GC heap before
{Heap before GC invocations=14 (full 3):
 PSYoungGen      total 210432K, used 208797K [0x00000000eab00000, 0x00000000fc400000, 0x0000000100000000)
  eden space 159744K, 100% used [0x00000000eab00000,0x00000000f4700000,0x00000000f4700000)
  from space 50688K, 96% used [0x00000000f8000000,0x00000000fafe7600,0x00000000fb180000)
  to   space 58368K, 0% used [0x00000000f4700000,0x00000000f4700000,0x00000000f8000000)
 ParOldGen       total 110080K, used 60051K [0x00000000c0000000, 0x00000000c6b80000, 0x00000000eab00000)
  object space 110080K, 54% used [0x00000000c0000000,0x00000000c3aa4ff8,0x00000000c6b80000)
 Metaspace       used 5778K, capacity 7024K, committed 7296K, reserved 1056768K
  class space    used 547K, capacity 616K, committed 640K, reserved 1048576K

